<?xml version="1.0" encoding="UTF-8"?>
<!-- Generated by org.testng.reporters.JUnitReportReporter -->
<testsuite hostname="LAPTOP-VGQ87BHP" failures="0" tests="1" name="kiMockPlatform.CreateANewQuoteTest" time="20.261" errors="0" timestamp="2023-06-04T17:31:40 BST" skipped="0">
  <testcase classname="kiMockPlatform.CreateANewQuoteTest" name="verifyCreateANewQuote" time="20.261"/>
  <system-out/>
</testsuite> <!-- kiMockPlatform.CreateANewQuoteTest -->
