<?xml version="1.0" encoding="UTF-8"?>
<!-- Generated by org.testng.reporters.JUnitReportReporter -->
<testsuite hostname="LAPTOP-VGQ87BHP" failures="0" tests="1" name="kiMockPlatform.SeeMyPendingQuotesTest" time="8.606" errors="0" timestamp="2023-06-04T17:28:44 BST" skipped="0">
  <testcase classname="kiMockPlatform.SeeMyPendingQuotesTest" name="testSeeMyPendingQuotes" time="8.606"/>
  <system-out/>
</testsuite> <!-- kiMockPlatform.SeeMyPendingQuotesTest -->
